have_library: checking for main() in -lcliv2... -------------------- yes

"gcc -o conftest -I/home/dev/.rvm/rubies/ruby-1.9.3-p327/include/ruby-1.9.1/i686-linux -I/home/dev/.rvm/rubies/ruby-1.9.3-p327/include/ruby-1.9.1/ruby/backward -I/home/dev/.rvm/rubies/ruby-1.9.3-p327/include/ruby-1.9.1 -I.  -D_FILE_OFFSET_BITS=64  -I/home/dev/.rvm/usr/include  -O3 -ggdb -Wall -Wextra -Wno-unused-parameter -Wno-parentheses -Wno-long-long -Wno-missing-field-initializers -Wpointer-arith -Wwrite-strings -Wdeclaration-after-statement -Wimplicit-function-declaration  -fPIC conftest.c  -L. -L/home/dev/.rvm/rubies/ruby-1.9.3-p327/lib -Wl,-R/home/dev/.rvm/rubies/ruby-1.9.3-p327/lib -L/home/dev/.rvm/usr/lib -Wl,-R/home/dev/.rvm/usr/lib -L.  -rdynamic -Wl,-export-dynamic -L/home/dev/.rvm/usr/lib  -Wl,-R/home/dev/.rvm/usr/lib      -Wl,-R -Wl,/home/dev/.rvm/rubies/ruby-1.9.3-p327/lib -L/home/dev/.rvm/rubies/ruby-1.9.3-p327/lib -lruby  -lpthread -lrt -ldl -lcrypt -lm   -lc"
checked program was:
/* begin */
1: #include "ruby.h"
2: 
3: int main() {return 0;}
/* end */

"gcc -o conftest -I/home/dev/.rvm/rubies/ruby-1.9.3-p327/include/ruby-1.9.1/i686-linux -I/home/dev/.rvm/rubies/ruby-1.9.3-p327/include/ruby-1.9.1/ruby/backward -I/home/dev/.rvm/rubies/ruby-1.9.3-p327/include/ruby-1.9.1 -I.  -D_FILE_OFFSET_BITS=64  -I/home/dev/.rvm/usr/include  -O3 -ggdb -Wall -Wextra -Wno-unused-parameter -Wno-parentheses -Wno-long-long -Wno-missing-field-initializers -Wpointer-arith -Wwrite-strings -Wdeclaration-after-statement -Wimplicit-function-declaration  -fPIC conftest.c  -L. -L/home/dev/.rvm/rubies/ruby-1.9.3-p327/lib -Wl,-R/home/dev/.rvm/rubies/ruby-1.9.3-p327/lib -L/home/dev/.rvm/usr/lib -Wl,-R/home/dev/.rvm/usr/lib -L.  -rdynamic -Wl,-export-dynamic -L/home/dev/.rvm/usr/lib  -Wl,-R/home/dev/.rvm/usr/lib      -Wl,-R -Wl,/home/dev/.rvm/rubies/ruby-1.9.3-p327/lib -L/home/dev/.rvm/rubies/ruby-1.9.3-p327/lib -lruby -lcliv2  -lpthread -lrt -ldl -lcrypt -lm   -lc"
conftest.c: In function ‘t’:
conftest.c:5:28: warning: variable ‘p’ set but not used [-Wunused-but-set-variable]
checked program was:
/* begin */
1: #include "ruby.h"
2: 
3: /*top*/
4: int main() {return 0;}
5: int t() { void ((*volatile p)()); p = (void ((*)()))main; return 0; }
/* end */

--------------------

